Ex1 (OOP) Simulator log: stage B5.json,  out.csv
0.0,OOP_Ex1_Elevator_Simulator
0.0,Simulated Building, Building [-10,100]
0) ex1.Elevator_A, Elev_, id,10,  speed, 9.0, open: 1.1111111111111112,  start: 1.6666666666666667, close: 1.1111111111111112,  stop: 1.6666666666666667
1) ex1.Elevator_A, Elev_, id,11,  speed, 7.0, open: 1.4285714285714286,  start: 2.142857142857143, close: 1.4285714285714286,  stop: 2.142857142857143
2) ex1.Elevator_A, Elev_, id,12,  speed, 5.0, open: 2.0,  start: 3.0, close: 2.0,  stop: 3.0
3) ex1.Elevator_A, Elev_, id,13,  speed, 5.0, open: 2.0,  start: 3.0, close: 2.0,  stop: 3.0
4) ex1.Elevator_A, Elev_, id,14,  speed, 3.0, open: 2.0,  start: 3.0, close: 2.0,  stop: 3.0
5) ex1.Elevator_A, Elev_, id,15,  speed, 3.0, open: 2.0,  start: 3.0, close: 2.0,  stop: 3.0
6) ex1.Elevator_A, Elev_, id,16,  speed, 1.5, open: 2.0,  start: 3.0, close: 2.0,  stop: 3.0
7) ex1.Elevator_A, Elev_, id,17,  speed, 9.0, open: 1.1111111111111112,  start: 1.6666666666666667, close: 1.1111111111111112,  stop: 1.6666666666666667
8) ex1.Elevator_A, Elev_, id,18,  speed, 9.0, open: 1.1111111111111112,  start: 1.6666666666666667, close: 1.1111111111111112,  stop: 1.6666666666666667
9) ex1.Elevator_A, Elev_, id,19,  speed, 2.0, open: 2.0,  start: 3.0, close: 2.0,  stop: 3.0

0.0,Simulated Period starTime,0.0,  endTime,1104.1840186,  dt,1.0
0.0,Simulated  calls,Elevator log, size: 100
0.0,**** Simulation starts!! ****
5.0,Elevator call,4.37472729,0,-1,1,0, got allocated to elevator, 0
5.0,Elev,10,  arrived at src, 0, Elevator call,4.37472729,0,-1,2,0
5.0, elevID,10,  pos,0,  cmd, goto,-1
11.0,Elev,10,  arrived at dest, -1, this call is done!, Elevator call,4.37472729,0,-1,3,0, Done, dt, 6.62527271
17.0,Elevator call,16.95788289,-1,0,1,0, got allocated to elevator, 0
17.0,Elev,10,  arrived at src, -1, Elevator call,16.95788289,-1,0,2,0
17.0, elevID,10,  pos,-1,  cmd, goto,0
23.0,Elevator call,22.0940563,0,-1,1,7, got allocated to elevator, 7
23.0,Elev,10,  arrived at dest, 0, this call is done!, Elevator call,16.95788289,-1,0,3,0, Done, dt, 6.0421171099999995
23.0,Elev,17,  arrived at src, 0, Elevator call,22.0940563,0,-1,2,7
23.0, elevID,17,  pos,0,  cmd, goto,-1
29.0,Elev,17,  arrived at dest, -1, this call is done!, Elevator call,22.0940563,0,-1,3,7, Done, dt, 6.905943700000002
86.0,Elevator call,85.52096662,3,2,1,8, got allocated to elevator, 8
86.0, elevID,18,  pos,0,  cmd, goto,3
92.0,Elevator call,91.21019413,-1,-2,1,7, got allocated to elevator, 7
92.0,Elev,17,  arrived at src, -1, Elevator call,91.21019413,-1,-2,2,7
92.0, elevID,17,  pos,-1,  cmd, goto,-2
92.0,Elev,18,  arrived at src, 3, Elevator call,85.52096662,3,2,2,8
92.0, elevID,18,  pos,3,  cmd, goto,2
98.0,Elev,17,  arrived at dest, -2, this call is done!, Elevator call,91.21019413,-1,-2,3,7, Done, dt, 6.789805869999995
98.0,Elev,18,  arrived at dest, 2, this call is done!, Elevator call,85.52096662,3,2,3,8, Done, dt, 12.479033380000004
105.0,Elevator call,104.1370124,0,4,1,1, got allocated to elevator, 1
105.0,Elev,11,  arrived at src, 0, Elevator call,104.1370124,0,4,2,1
105.0, elevID,11,  pos,0,  cmd, goto,4
110.0,Elevator call,109.2135291,-1,0,1,2, got allocated to elevator, 2
110.0, elevID,12,  pos,0,  cmd, goto,-1
113.0,Elev,11,  arrived at dest, 4, this call is done!, Elevator call,104.1370124,0,4,3,1, Done, dt, 8.862987599999997
115.0,Elevator call,114.392351,3,0,1,3, got allocated to elevator, 3
115.0, elevID,13,  pos,0,  cmd, goto,3
121.0,Elev,12,  arrived at src, -1, Elevator call,109.2135291,-1,0,2,2
121.0, elevID,12,  pos,-1,  cmd, goto,0
125.0,Elevator call,124.425571,0,9,1,4, got allocated to elevator, 4
125.0,Elev,14,  arrived at src, 0, Elevator call,124.425571,0,9,2,4
125.0, elevID,14,  pos,0,  cmd, goto,9
126.0,Elev,13,  arrived at src, 3, Elevator call,114.392351,3,0,2,3
126.0, elevID,13,  pos,3,  cmd, goto,0
131.0,Elevator call,130.0249568,8,10,1,1, got allocated to elevator, 1
131.0,Elevator call,130.2249113,-1,1,1,5, got allocated to elevator, 5
131.0, elevID,11,  pos,4,  cmd, goto,8
131.0, elevID,15,  pos,0,  cmd, goto,-1
132.0,Elev,12,  arrived at dest, 0, this call is done!, Elevator call,109.2135291,-1,0,3,2, Done, dt, 22.786470899999998
137.0,Elev,13,  arrived at dest, 0, this call is done!, Elevator call,114.392351,3,0,3,3, Done, dt, 22.607648999999995
138.0,Elevator call,137.9515274,0,4,1,9, got allocated to elevator, 9
138.0,Elev,14,  arrived at dest, 9, this call is done!, Elevator call,124.425571,0,9,3,4, Done, dt, 13.574428999999995
138.0,Elev,19,  arrived at src, 0, Elevator call,137.9515274,0,4,2,9
138.0, elevID,19,  pos,0,  cmd, goto,4
139.0,Elev,11,  arrived at src, 8, Elevator call,130.0249568,8,10,2,1
139.0, elevID,11,  pos,8,  cmd, goto,10
142.0,Elev,15,  arrived at src, -1, Elevator call,130.2249113,-1,1,2,5
142.0, elevID,15,  pos,-1,  cmd, goto,1
144.0,Elevator call,143.9133584,0,6,1,6, got allocated to elevator, 6
144.0,Elev,16,  arrived at src, 0, Elevator call,143.9133584,0,6,2,6
144.0, elevID,16,  pos,0,  cmd, goto,6
147.0,Elev,11,  arrived at dest, 10, this call is done!, Elevator call,130.0249568,8,10,3,1, Done, dt, 16.975043199999988
150.0,Elev,19,  arrived at dest, 4, this call is done!, Elevator call,137.9515274,0,4,3,9, Done, dt, 12.048472599999997
153.0,Elev,15,  arrived at dest, 1, this call is done!, Elevator call,130.2249113,-1,1,3,5, Done, dt, 22.775088699999998
158.0,Elev,16,  arrived at dest, 6, this call is done!, Elevator call,143.9133584,0,6,3,6, Done, dt, 14.086641600000007
170.0,Elevator call,169.7845834,-1,0,1,8, got allocated to elevator, 8
170.0, elevID,18,  pos,2,  cmd, goto,-1
171.0,Elevator call,170.0099621,0,6,1,0, got allocated to elevator, 0
171.0,Elev,10,  arrived at src, 0, Elevator call,170.0099621,0,6,2,0
171.0, elevID,10,  pos,0,  cmd, goto,6
172.0,Elevator call,171.2117332,-1,8,1,7, got allocated to elevator, 7
172.0, elevID,17,  pos,-2,  cmd, goto,-1
175.0,Elevator call,174.8438515,0,-1,1,2, got allocated to elevator, 2
175.0,Elev,12,  arrived at src, 0, Elevator call,174.8438515,0,-1,2,2
175.0, elevID,12,  pos,0,  cmd, goto,-1
176.0,Elev,18,  arrived at src, -1, Elevator call,169.7845834,-1,0,2,8
176.0, elevID,18,  pos,-1,  cmd, goto,0
178.0,Elev,10,  arrived at dest, 6, this call is done!, Elevator call,170.0099621,0,6,3,0, Done, dt, 7.990037900000004
178.0,Elev,17,  arrived at src, -1, Elevator call,171.2117332,-1,8,2,7
178.0, elevID,17,  pos,-1,  cmd, goto,8
182.0,Elev,18,  arrived at dest, 0, this call is done!, Elevator call,169.7845834,-1,0,3,8, Done, dt, 12.215416599999998
185.0,Elev,17,  arrived at dest, 8, this call is done!, Elevator call,171.2117332,-1,8,3,7, Done, dt, 13.788266800000002
186.0,Elev,12,  arrived at dest, -1, this call is done!, Elevator call,174.8438515,0,-1,3,2, Done, dt, 11.1561485
188.0,Elevator call,187.1167862,-1,-2,1,9, got allocated to elevator, 9
188.0,Elevator call,187.7299318,-1,-2,1,4, got allocated to elevator, 4
188.0, elevID,14,  pos,9,  cmd, goto,-1
188.0, elevID,19,  pos,4,  cmd, goto,-1
196.0,Elevator call,195.9086965,0,7,1,3, got allocated to elevator, 3
196.0,Elev,13,  arrived at src, 0, Elevator call,195.9086965,0,7,2,3
196.0, elevID,13,  pos,0,  cmd, goto,7
198.0,Elevator call,197.5359191,-1,1,1,6, got allocated to elevator, 6
198.0, elevID,16,  pos,6,  cmd, goto,-1
201.0,Elev,19,  arrived at src, -1, Elevator call,187.1167862,-1,-2,2,9
201.0, elevID,19,  pos,-1,  cmd, goto,-2
202.0,Elev,14,  arrived at src, -1, Elevator call,187.7299318,-1,-2,2,4
202.0, elevID,14,  pos,-1,  cmd, goto,-2
206.0,Elevator call,205.9895199,-1,0,1,5, got allocated to elevator, 5
206.0, elevID,15,  pos,1,  cmd, goto,-1
208.0,Elev,13,  arrived at dest, 7, this call is done!, Elevator call,195.9086965,0,7,3,3, Done, dt, 12.09130350000001
212.0,Elev,19,  arrived at dest, -2, this call is done!, Elevator call,187.1167862,-1,-2,3,9, Done, dt, 24.883213799999993
213.0,Elev,14,  arrived at dest, -2, this call is done!, Elevator call,187.7299318,-1,-2,3,4, Done, dt, 25.270068199999997
213.0,Elev,16,  arrived at src, -1, Elevator call,197.5359191,-1,1,2,6
213.0, elevID,16,  pos,-1,  cmd, goto,1
217.0,Elev,15,  arrived at src, -1, Elevator call,205.9895199,-1,0,2,5
217.0, elevID,15,  pos,-1,  cmd, goto,0
225.0,Elev,16,  arrived at dest, 1, this call is done!, Elevator call,197.5359191,-1,1,3,6, Done, dt, 27.4640809
228.0,Elevator call,227.0798305,-1,5,1,1, got allocated to elevator, 1
228.0, elevID,11,  pos,10,  cmd, goto,-1
228.0,Elev,15,  arrived at dest, 0, this call is done!, Elevator call,205.9895199,-1,0,3,5, Done, dt, 22.010480099999995
232.0,Elevator call,231.5157882,-1,0,1,8, got allocated to elevator, 8
232.0, elevID,18,  pos,0,  cmd, goto,-1
233.0,Elevator call,232.9504362,0,-1,1,0, got allocated to elevator, 0
233.0, elevID,10,  pos,6,  cmd, goto,0
237.0,Elev,11,  arrived at src, -1, Elevator call,227.0798305,-1,5,2,1
237.0, elevID,11,  pos,-1,  cmd, goto,5
238.0,Elev,18,  arrived at src, -1, Elevator call,231.5157882,-1,0,2,8
238.0, elevID,18,  pos,-1,  cmd, goto,0
240.0,Elev,10,  arrived at src, 0, Elevator call,232.9504362,0,-1,2,0
240.0, elevID,10,  pos,0,  cmd, goto,-1
244.0,Elev,18,  arrived at dest, 0, this call is done!, Elevator call,231.5157882,-1,0,3,8, Done, dt, 12.484211799999997
245.0,Elev,11,  arrived at dest, 5, this call is done!, Elevator call,227.0798305,-1,5,3,1, Done, dt, 17.920169499999986
246.0,Elev,10,  arrived at dest, -1, this call is done!, Elevator call,232.9504362,0,-1,3,0, Done, dt, 13.049563799999987
252.0,Elevator call,251.1044469,-1,-2,1,7, got allocated to elevator, 7
252.0,Elevator call,251.2359335,0,9,1,9, got allocated to elevator, 9
252.0, elevID,17,  pos,8,  cmd, goto,-1
252.0, elevID,19,  pos,-2,  cmd, goto,0
255.0,Elevator call,254.6977153,3,4,1,4, got allocated to elevator, 4
255.0, elevID,14,  pos,-2,  cmd, goto,3
258.0,Elevator call,257.7974435,-1,0,1,2, got allocated to elevator, 2
258.0,Elev,12,  arrived at src, -1, Elevator call,257.7974435,-1,0,2,2
258.0, elevID,12,  pos,-1,  cmd, goto,0
259.0,Elev,17,  arrived at src, -1, Elevator call,251.1044469,-1,-2,2,7
259.0, elevID,17,  pos,-1,  cmd, goto,-2
263.0,Elev,19,  arrived at src, 0, Elevator call,251.2359335,0,9,2,9
263.0, elevID,19,  pos,0,  cmd, goto,9
265.0,Elev,17,  arrived at dest, -2, this call is done!, Elevator call,251.1044469,-1,-2,3,7, Done, dt, 13.8955531
267.0,Elev,14,  arrived at src, 3, Elevator call,254.6977153,3,4,2,4
267.0, elevID,14,  pos,3,  cmd, goto,4
269.0,Elev,12,  arrived at dest, 0, this call is done!, Elevator call,257.7974435,-1,0,3,2, Done, dt, 11.202556500000014
278.0,Elev,14,  arrived at dest, 4, this call is done!, Elevator call,254.6977153,3,4,3,4, Done, dt, 23.3022847
278.0,Elev,19,  arrived at dest, 9, this call is done!, Elevator call,251.2359335,0,9,3,9, Done, dt, 26.764066500000013
296.0,Elevator call,295.7943357,0,1,1,5, got allocated to elevator, 5
296.0,Elev,15,  arrived at src, 0, Elevator call,295.7943357,0,1,2,5
296.0, elevID,15,  pos,0,  cmd, goto,1
305.0,Elevator call,304.9984388,6,0,1,3, got allocated to elevator, 3
305.0, elevID,13,  pos,7,  cmd, goto,6
307.0,Elev,15,  arrived at dest, 1, this call is done!, Elevator call,295.7943357,0,1,3,5, Done, dt, 11.205664300000024
310.0,Elevator call,309.3005383,0,-1,1,6, got allocated to elevator, 6
310.0, elevID,16,  pos,1,  cmd, goto,0
313.0,Elevator call,312.3018556,0,-1,1,8, got allocated to elevator, 8
313.0,Elev,18,  arrived at src, 0, Elevator call,312.3018556,0,-1,2,8
313.0, elevID,18,  pos,0,  cmd, goto,-1
316.0,Elev,13,  arrived at src, 6, Elevator call,304.9984388,6,0,2,3
316.0, elevID,13,  pos,6,  cmd, goto,0
317.0,Elevator call,316.0323783,0,-1,1,1, got allocated to elevator, 1
317.0, elevID,11,  pos,5,  cmd, goto,0
319.0,Elev,18,  arrived at dest, -1, this call is done!, Elevator call,312.3018556,0,-1,3,8, Done, dt, 6.69814439999999
320.0,Elevator call,319.905202,6,5,1,0, got allocated to elevator, 0
320.0, elevID,10,  pos,-1,  cmd, goto,6
321.0,Elevator call,320.9760749,-1,0,1,7, got allocated to elevator, 7
321.0,Elev,16,  arrived at src, 0, Elevator call,309.3005383,0,-1,2,6
321.0, elevID,16,  pos,0,  cmd, goto,-1
321.0, elevID,17,  pos,-2,  cmd, goto,-1
322.0,Elevator call,321.370409,7,-1,1,2, got allocated to elevator, 2
322.0, elevID,12,  pos,0,  cmd, goto,7
325.0,Elev,11,  arrived at src, 0, Elevator call,316.0323783,0,-1,2,1
325.0, elevID,11,  pos,0,  cmd, goto,-1
327.0,Elev,10,  arrived at src, 6, Elevator call,319.905202,6,5,2,0
327.0, elevID,10,  pos,6,  cmd, goto,5
327.0,Elev,17,  arrived at src, -1, Elevator call,320.9760749,-1,0,2,7
327.0, elevID,17,  pos,-1,  cmd, goto,0
328.0,Elev,13,  arrived at dest, 0, this call is done!, Elevator call,304.9984388,6,0,3,3, Done, dt, 23.001561200000026
332.0,Elev,16,  arrived at dest, -1, this call is done!, Elevator call,309.3005383,0,-1,3,6, Done, dt, 22.699461699999972
333.0,Elevator call,332.4267319,0,10,1,3, got allocated to elevator, 3
333.0,Elev,10,  arrived at dest, 5, this call is done!, Elevator call,319.905202,6,5,3,0, Done, dt, 13.094798000000026
333.0,Elev,11,  arrived at dest, -1, this call is done!, Elevator call,316.0323783,0,-1,3,1, Done, dt, 16.967621699999995
333.0,Elev,13,  arrived at src, 0, Elevator call,332.4267319,0,10,2,3
333.0, elevID,13,  pos,0,  cmd, goto,10
333.0,Elev,17,  arrived at dest, 0, this call is done!, Elevator call,320.9760749,-1,0,3,7, Done, dt, 12.023925099999985
334.0,Elev,12,  arrived at src, 7, Elevator call,321.370409,7,-1,2,2
334.0, elevID,12,  pos,7,  cmd, goto,-1
337.0,Elevator call,336.9304305,-1,0,1,6, got allocated to elevator, 6
337.0,Elev,16,  arrived at src, -1, Elevator call,336.9304305,-1,0,2,6
337.0, elevID,16,  pos,-1,  cmd, goto,0
345.0,Elev,13,  arrived at dest, 10, this call is done!, Elevator call,332.4267319,0,10,3,3, Done, dt, 12.573268100000007
346.0,Elev,12,  arrived at dest, -1, this call is done!, Elevator call,321.370409,7,-1,3,2, Done, dt, 24.629591000000005
348.0,Elev,16,  arrived at dest, 0, this call is done!, Elevator call,336.9304305,-1,0,3,6, Done, dt, 11.0695695
376.0,Elevator call,375.490481,1,0,1,4, got allocated to elevator, 4
376.0, elevID,14,  pos,4,  cmd, goto,1
387.0,Elev,14,  arrived at src, 1, Elevator call,375.490481,1,0,2,4
387.0, elevID,14,  pos,1,  cmd, goto,0
393.0,Elevator call,392.5160765,0,5,1,9, got allocated to elevator, 9
393.0, elevID,19,  pos,9,  cmd, goto,0
398.0,Elev,14,  arrived at dest, 0, this call is done!, Elevator call,375.490481,1,0,3,4, Done, dt, 22.50951900000001
406.0,Elevator call,405.1821141,-1,10,1,5, got allocated to elevator, 5
406.0, elevID,15,  pos,1,  cmd, goto,-1
408.0,Elev,19,  arrived at src, 0, Elevator call,392.5160765,0,5,2,9
408.0, elevID,19,  pos,0,  cmd, goto,5
417.0,Elev,15,  arrived at src, -1, Elevator call,405.1821141,-1,10,2,5
417.0, elevID,15,  pos,-1,  cmd, goto,10
421.0,Elev,19,  arrived at dest, 5, this call is done!, Elevator call,392.5160765,0,5,3,9, Done, dt, 28.483923500000003
427.0,Elevator call,426.8615805,2,0,1,8, got allocated to elevator, 8
427.0, elevID,18,  pos,-1,  cmd, goto,2
431.0,Elev,15,  arrived at dest, 10, this call is done!, Elevator call,405.1821141,-1,10,3,5, Done, dt, 25.81788590000002
433.0,Elev,18,  arrived at src, 2, Elevator call,426.8615805,2,0,2,8
433.0, elevID,18,  pos,2,  cmd, goto,0
438.0,Elevator call,437.1711158,1,0,1,1, got allocated to elevator, 1
438.0, elevID,11,  pos,-1,  cmd, goto,1
439.0,Elev,18,  arrived at dest, 0, this call is done!, Elevator call,426.8615805,2,0,3,8, Done, dt, 12.138419499999998
446.0,Elev,11,  arrived at src, 1, Elevator call,437.1711158,1,0,2,1
446.0, elevID,11,  pos,1,  cmd, goto,0
454.0,Elev,11,  arrived at dest, 0, this call is done!, Elevator call,437.1711158,1,0,3,1, Done, dt, 16.828884200000005
473.0,Elevator call,472.7445474,10,-1,1,0, got allocated to elevator, 0
473.0, elevID,10,  pos,5,  cmd, goto,10
480.0,Elev,10,  arrived at src, 10, Elevator call,472.7445474,10,-1,2,0
480.0, elevID,10,  pos,10,  cmd, goto,-1
487.0,Elev,10,  arrived at dest, -1, this call is done!, Elevator call,472.7445474,10,-1,3,0, Done, dt, 14.255452600000012
501.0,Elevator call,500.3712045,8,-1,1,7, got allocated to elevator, 7
501.0, elevID,17,  pos,0,  cmd, goto,8
504.0,Elevator call,503.1384784,1,-1,1,2, got allocated to elevator, 2
504.0, elevID,12,  pos,-1,  cmd, goto,1
505.0,Elevator call,504.4317942,0,-1,1,4, got allocated to elevator, 4
505.0,Elev,14,  arrived at src, 0, Elevator call,504.4317942,0,-1,2,4
505.0, elevID,14,  pos,0,  cmd, goto,-1
508.0,Elev,17,  arrived at src, 8, Elevator call,500.3712045,8,-1,2,7
508.0, elevID,17,  pos,8,  cmd, goto,-1
515.0,Elev,12,  arrived at src, 1, Elevator call,503.1384784,1,-1,2,2
515.0, elevID,12,  pos,1,  cmd, goto,-1
515.0,Elev,17,  arrived at dest, -1, this call is done!, Elevator call,500.3712045,8,-1,3,7, Done, dt, 14.628795500000024
516.0,Elev,14,  arrived at dest, -1, this call is done!, Elevator call,504.4317942,0,-1,3,4, Done, dt, 11.568205799999987
526.0,Elev,12,  arrived at dest, -1, this call is done!, Elevator call,503.1384784,1,-1,3,2, Done, dt, 22.861521600000003
530.0,Elevator call,529.6277472,3,-1,1,9, got allocated to elevator, 9
530.0, elevID,19,  pos,5,  cmd, goto,3
538.0,Elevator call,537.7866884,-1,6,1,6, got allocated to elevator, 6
538.0, elevID,16,  pos,0,  cmd, goto,-1
541.0,Elev,19,  arrived at src, 3, Elevator call,529.6277472,3,-1,2,9
541.0, elevID,19,  pos,3,  cmd, goto,-1
545.0,Elevator call,544.7880392,6,-1,1,3, got allocated to elevator, 3
545.0, elevID,13,  pos,10,  cmd, goto,6
549.0,Elev,16,  arrived at src, -1, Elevator call,537.7866884,-1,6,2,6
549.0, elevID,16,  pos,-1,  cmd, goto,6
553.0,Elev,19,  arrived at dest, -1, this call is done!, Elevator call,529.6277472,3,-1,3,9, Done, dt, 23.372252799999956
555.0,Elevator call,554.0892923,4,0,1,5, got allocated to elevator, 5
555.0, elevID,15,  pos,10,  cmd, goto,4
556.0,Elev,13,  arrived at src, 6, Elevator call,544.7880392,6,-1,2,3
556.0, elevID,13,  pos,6,  cmd, goto,-1
558.0,Elevator call,557.244139,10,0,1,8, got allocated to elevator, 8
558.0, elevID,18,  pos,0,  cmd, goto,10
564.0,Elev,16,  arrived at dest, 6, this call is done!, Elevator call,537.7866884,-1,6,3,6, Done, dt, 26.213311599999997
565.0,Elev,18,  arrived at src, 10, Elevator call,557.244139,10,0,2,8
565.0, elevID,18,  pos,10,  cmd, goto,0
566.0,Elevator call,565.0195522,0,-1,1,1, got allocated to elevator, 1
566.0,Elev,11,  arrived at src, 0, Elevator call,565.0195522,0,-1,2,1
566.0, elevID,11,  pos,0,  cmd, goto,-1
567.0,Elev,15,  arrived at src, 4, Elevator call,554.0892923,4,0,2,5
567.0, elevID,15,  pos,4,  cmd, goto,0
568.0,Elev,13,  arrived at dest, -1, this call is done!, Elevator call,544.7880392,6,-1,3,3, Done, dt, 23.211960800000043
572.0,Elev,18,  arrived at dest, 0, this call is done!, Elevator call,557.244139,10,0,3,8, Done, dt, 14.755860999999982
574.0,Elev,11,  arrived at dest, -1, this call is done!, Elevator call,565.0195522,0,-1,3,1, Done, dt, 8.980447799999979
579.0,Elev,15,  arrived at dest, 0, this call is done!, Elevator call,554.0892923,4,0,3,5, Done, dt, 24.91070769999999
582.0,Elevator call,581.870309,0,3,1,0, got allocated to elevator, 0
582.0, elevID,10,  pos,-1,  cmd, goto,0
588.0,Elev,10,  arrived at src, 0, Elevator call,581.870309,0,3,2,0
588.0, elevID,10,  pos,0,  cmd, goto,3
594.0,Elev,10,  arrived at dest, 3, this call is done!, Elevator call,581.870309,0,3,3,0, Done, dt, 12.12969099999998
597.0,Elevator call,596.1232023,8,0,1,7, got allocated to elevator, 7
597.0, elevID,17,  pos,-1,  cmd, goto,8
601.0,Elevator call,600.931288,1,0,1,2, got allocated to elevator, 2
601.0, elevID,12,  pos,-1,  cmd, goto,1
604.0,Elevator call,603.9342327,7,0,1,4, got allocated to elevator, 4
604.0, elevID,14,  pos,-1,  cmd, goto,7
604.0,Elev,17,  arrived at src, 8, Elevator call,596.1232023,8,0,2,7
604.0, elevID,17,  pos,8,  cmd, goto,0
611.0,Elev,17,  arrived at dest, 0, this call is done!, Elevator call,596.1232023,8,0,3,7, Done, dt, 14.876797699999997
612.0,Elev,12,  arrived at src, 1, Elevator call,600.931288,1,0,2,2
612.0, elevID,12,  pos,1,  cmd, goto,0
617.0,Elev,14,  arrived at src, 7, Elevator call,603.9342327,7,0,2,4
617.0, elevID,14,  pos,7,  cmd, goto,0
618.0,Elevator call,617.9628339,0,3,1,9, got allocated to elevator, 9
618.0, elevID,19,  pos,-1,  cmd, goto,0
620.0,Elevator call,619.6454197,9,0,1,6, got allocated to elevator, 6
620.0, elevID,16,  pos,6,  cmd, goto,9
623.0,Elev,12,  arrived at dest, 0, this call is done!, Elevator call,600.931288,1,0,3,2, Done, dt, 22.068712000000005
627.0,Elevator call,626.2116172,0,1,1,3, got allocated to elevator, 3
627.0, elevID,13,  pos,-1,  cmd, goto,0
629.0,Elev,19,  arrived at src, 0, Elevator call,617.9628339,0,3,2,9
629.0, elevID,19,  pos,0,  cmd, goto,3
630.0,Elev,14,  arrived at dest, 0, this call is done!, Elevator call,603.9342327,7,0,3,4, Done, dt, 26.065767299999948
632.0,Elev,16,  arrived at src, 9, Elevator call,619.6454197,9,0,2,6
632.0, elevID,16,  pos,9,  cmd, goto,0
638.0,Elev,13,  arrived at src, 0, Elevator call,626.2116172,0,1,2,3
638.0, elevID,13,  pos,0,  cmd, goto,1
641.0,Elev,19,  arrived at dest, 3, this call is done!, Elevator call,617.9628339,0,3,3,9, Done, dt, 23.037166100000036
644.0,Elevator call,643.8547515,-1,2,1,5, got allocated to elevator, 5
644.0, elevID,15,  pos,0,  cmd, goto,-1
648.0,Elev,16,  arrived at dest, 0, this call is done!, Elevator call,619.6454197,9,0,3,6, Done, dt, 28.354580299999952
649.0,Elev,13,  arrived at dest, 1, this call is done!, Elevator call,626.2116172,0,1,3,3, Done, dt, 22.788382800000022
655.0,Elev,15,  arrived at src, -1, Elevator call,643.8547515,-1,2,2,5
655.0, elevID,15,  pos,-1,  cmd, goto,2
661.0,Elevator call,660.0732908,6,10,1,8, got allocated to elevator, 8
661.0, elevID,18,  pos,0,  cmd, goto,6
662.0,Elevator call,661.042082,-1,3,1,1, got allocated to elevator, 1
662.0,Elev,11,  arrived at src, -1, Elevator call,661.042082,-1,3,2,1
662.0, elevID,11,  pos,-1,  cmd, goto,3
663.0,Elevator call,662.1730528,-1,5,1,0, got allocated to elevator, 0
663.0, elevID,10,  pos,3,  cmd, goto,-1
666.0,Elevator call,665.1155549,-1,8,1,7, got allocated to elevator, 7
666.0,Elev,15,  arrived at dest, 2, this call is done!, Elevator call,643.8547515,-1,2,3,5, Done, dt, 22.14524849999998
666.0, elevID,17,  pos,0,  cmd, goto,-1
667.0,Elevator call,666.0340295,4,0,1,2, got allocated to elevator, 2
667.0,Elevator call,666.2411587,5,-1,1,4, got allocated to elevator, 4
667.0, elevID,12,  pos,0,  cmd, goto,4
667.0, elevID,14,  pos,0,  cmd, goto,5
668.0,Elev,18,  arrived at src, 6, Elevator call,660.0732908,6,10,2,8
668.0, elevID,18,  pos,6,  cmd, goto,10
669.0,Elev,10,  arrived at src, -1, Elevator call,662.1730528,-1,5,2,0
669.0, elevID,10,  pos,-1,  cmd, goto,5
670.0,Elev,11,  arrived at dest, 3, this call is done!, Elevator call,661.042082,-1,3,3,1, Done, dt, 8.95791799999995
672.0,Elev,17,  arrived at src, -1, Elevator call,665.1155549,-1,8,2,7
672.0, elevID,17,  pos,-1,  cmd, goto,8
673.0,Elevator call,672.6773142,0,-1,1,9, got allocated to elevator, 9
673.0, elevID,19,  pos,3,  cmd, goto,0
674.0,Elev,18,  arrived at dest, 10, this call is done!, Elevator call,660.0732908,6,10,3,8, Done, dt, 13.926709200000005
676.0,Elev,10,  arrived at dest, 5, this call is done!, Elevator call,662.1730528,-1,5,3,0, Done, dt, 13.82694719999995
678.0,Elevator call,677.7341948,0,-1,1,6, got allocated to elevator, 6
678.0,Elev,12,  arrived at src, 4, Elevator call,666.0340295,4,0,2,2
678.0, elevID,12,  pos,4,  cmd, goto,0
678.0,Elev,16,  arrived at src, 0, Elevator call,677.7341948,0,-1,2,6
678.0, elevID,16,  pos,0,  cmd, goto,-1
679.0,Elevator call,678.9953585,-1,-2,1,3, got allocated to elevator, 3
679.0, elevID,13,  pos,1,  cmd, goto,-1
679.0,Elev,14,  arrived at src, 5, Elevator call,666.2411587,5,-1,2,4
679.0, elevID,14,  pos,5,  cmd, goto,-1
679.0,Elev,17,  arrived at dest, 8, this call is done!, Elevator call,665.1155549,-1,8,3,7, Done, dt, 13.884445099999994
685.0,Elev,19,  arrived at src, 0, Elevator call,672.6773142,0,-1,2,9
685.0, elevID,19,  pos,0,  cmd, goto,-1
689.0,Elev,12,  arrived at dest, 0, this call is done!, Elevator call,666.0340295,4,0,3,2, Done, dt, 22.965970500000026
689.0,Elev,16,  arrived at dest, -1, this call is done!, Elevator call,677.7341948,0,-1,3,6, Done, dt, 11.265805200000045
690.0,Elev,13,  arrived at src, -1, Elevator call,678.9953585,-1,-2,2,3
690.0, elevID,13,  pos,-1,  cmd, goto,-2
691.0,Elev,14,  arrived at dest, -1, this call is done!, Elevator call,666.2411587,5,-1,3,4, Done, dt, 24.758841299999972
696.0,Elevator call,695.2239882,0,10,1,5, got allocated to elevator, 5
696.0, elevID,15,  pos,2,  cmd, goto,0
696.0,Elev,19,  arrived at dest, -1, this call is done!, Elevator call,672.6773142,0,-1,3,9, Done, dt, 23.322685800000045
701.0,Elev,13,  arrived at dest, -2, this call is done!, Elevator call,678.9953585,-1,-2,3,3, Done, dt, 22.004641500000048
707.0,Elevator call,706.1583475,-1,-2,1,8, got allocated to elevator, 8
707.0,Elev,15,  arrived at src, 0, Elevator call,695.2239882,0,10,2,5
707.0, elevID,15,  pos,0,  cmd, goto,10
707.0, elevID,18,  pos,10,  cmd, goto,-1
711.0,Elevator call,710.324977,0,1,1,1, got allocated to elevator, 1
711.0, elevID,11,  pos,3,  cmd, goto,0
714.0,Elevator call,713.0191971,1,0,1,0, got allocated to elevator, 0
714.0,Elevator call,713.2499766,10,-1,1,7, got allocated to elevator, 7
714.0, elevID,10,  pos,5,  cmd, goto,1
714.0, elevID,17,  pos,8,  cmd, goto,10
714.0,Elev,18,  arrived at src, -1, Elevator call,706.1583475,-1,-2,2,8
714.0, elevID,18,  pos,-1,  cmd, goto,-2
719.0,Elev,11,  arrived at src, 0, Elevator call,710.324977,0,1,2,1
719.0, elevID,11,  pos,0,  cmd, goto,1
720.0,Elev,10,  arrived at src, 1, Elevator call,713.0191971,1,0,2,0
720.0, elevID,10,  pos,1,  cmd, goto,0
720.0,Elev,17,  arrived at src, 10, Elevator call,713.2499766,10,-1,2,7
720.0, elevID,17,  pos,10,  cmd, goto,-1
720.0,Elev,18,  arrived at dest, -2, this call is done!, Elevator call,706.1583475,-1,-2,3,8, Done, dt, 13.84165250000001
721.0,Elev,15,  arrived at dest, 10, this call is done!, Elevator call,695.2239882,0,10,3,5, Done, dt, 25.776011799999992
723.0,Elevator call,722.6161213,10,0,1,2, got allocated to elevator, 2
723.0, elevID,12,  pos,0,  cmd, goto,10
726.0,Elev,10,  arrived at dest, 0, this call is done!, Elevator call,713.0191971,1,0,3,0, Done, dt, 12.980802899999958
727.0,Elev,11,  arrived at dest, 1, this call is done!, Elevator call,710.324977,0,1,3,1, Done, dt, 16.67502300000001
727.0,Elev,17,  arrived at dest, -1, this call is done!, Elevator call,713.2499766,10,-1,3,7, Done, dt, 13.750023400000032
728.0,Elevator call,727.5146029,-1,0,1,4, got allocated to elevator, 4
728.0,Elev,14,  arrived at src, -1, Elevator call,727.5146029,-1,0,2,4
728.0, elevID,14,  pos,-1,  cmd, goto,0
733.0,Elevator call,732.9746341,6,-1,1,9, got allocated to elevator, 9
733.0, elevID,19,  pos,-1,  cmd, goto,6
735.0,Elev,12,  arrived at src, 10, Elevator call,722.6161213,10,0,2,2
735.0, elevID,12,  pos,10,  cmd, goto,0
738.0,Elevator call,737.3147202,1,0,1,6, got allocated to elevator, 6
738.0, elevID,16,  pos,-1,  cmd, goto,1
739.0,Elev,14,  arrived at dest, 0, this call is done!, Elevator call,727.5146029,-1,0,3,4, Done, dt, 11.4853971
747.0,Elev,12,  arrived at dest, 0, this call is done!, Elevator call,722.6161213,10,0,3,2, Done, dt, 24.38387869999997
747.0,Elev,19,  arrived at src, 6, Elevator call,732.9746341,6,-1,2,9
747.0, elevID,19,  pos,6,  cmd, goto,-1
750.0,Elev,16,  arrived at src, 1, Elevator call,737.3147202,1,0,2,6
750.0, elevID,16,  pos,1,  cmd, goto,0
761.0,Elev,16,  arrived at dest, 0, this call is done!, Elevator call,737.3147202,1,0,3,6, Done, dt, 23.68527979999999
761.0,Elev,19,  arrived at dest, -1, this call is done!, Elevator call,732.9746341,6,-1,3,9, Done, dt, 28.025365899999997
780.0,Elevator call,779.3996914,-1,5,1,3, got allocated to elevator, 3
780.0, elevID,13,  pos,-2,  cmd, goto,-1
791.0,Elev,13,  arrived at src, -1, Elevator call,779.3996914,-1,5,2,3
791.0, elevID,13,  pos,-1,  cmd, goto,5
803.0,Elev,13,  arrived at dest, 5, this call is done!, Elevator call,779.3996914,-1,5,3,3, Done, dt, 23.60030859999995
806.0,Elevator call,805.6754743,-1,-2,1,5, got allocated to elevator, 5
806.0, elevID,15,  pos,10,  cmd, goto,-1
811.0,Elevator call,810.4469089,2,0,1,8, got allocated to elevator, 8
811.0, elevID,18,  pos,-2,  cmd, goto,2
817.0,Elevator call,816.1516998,7,-1,1,1, got allocated to elevator, 1
817.0, elevID,11,  pos,1,  cmd, goto,7
817.0,Elev,18,  arrived at src, 2, Elevator call,810.4469089,2,0,2,8
817.0, elevID,18,  pos,2,  cmd, goto,0
820.0,Elev,15,  arrived at src, -1, Elevator call,805.6754743,-1,-2,2,5
820.0, elevID,15,  pos,-1,  cmd, goto,-2
823.0,Elev,18,  arrived at dest, 0, this call is done!, Elevator call,810.4469089,2,0,3,8, Done, dt, 12.55309109999996
825.0,Elev,11,  arrived at src, 7, Elevator call,816.1516998,7,-1,2,1
825.0, elevID,11,  pos,7,  cmd, goto,-1
826.0,Elevator call,825.4575185,7,0,1,0, got allocated to elevator, 0
826.0, elevID,10,  pos,0,  cmd, goto,7
831.0,Elev,15,  arrived at dest, -2, this call is done!, Elevator call,805.6754743,-1,-2,3,5, Done, dt, 25.32452569999998
833.0,Elev,10,  arrived at src, 7, Elevator call,825.4575185,7,0,2,0
833.0, elevID,10,  pos,7,  cmd, goto,0
834.0,Elev,11,  arrived at dest, -1, this call is done!, Elevator call,816.1516998,7,-1,3,1, Done, dt, 17.84830020000004
840.0,Elevator call,839.8525653,0,1,1,7, got allocated to elevator, 7
840.0,Elev,10,  arrived at dest, 0, this call is done!, Elevator call,825.4575185,7,0,3,0, Done, dt, 14.542481500000008
840.0, elevID,17,  pos,-1,  cmd, goto,0
846.0,Elev,17,  arrived at src, 0, Elevator call,839.8525653,0,1,2,7
846.0, elevID,17,  pos,0,  cmd, goto,1
852.0,Elev,17,  arrived at dest, 1, this call is done!, Elevator call,839.8525653,0,1,3,7, Done, dt, 12.147434699999963
855.0,Elevator call,854.2002278,6,-1,1,2, got allocated to elevator, 2
855.0, elevID,12,  pos,0,  cmd, goto,6
864.0,Elevator call,863.8932913,0,-1,1,4, got allocated to elevator, 4
864.0,Elev,14,  arrived at src, 0, Elevator call,863.8932913,0,-1,2,4
864.0, elevID,14,  pos,0,  cmd, goto,-1
867.0,Elev,12,  arrived at src, 6, Elevator call,854.2002278,6,-1,2,2
867.0, elevID,12,  pos,6,  cmd, goto,-1
871.0,Elevator call,870.5053024,0,7,1,9, got allocated to elevator, 9
871.0, elevID,19,  pos,-1,  cmd, goto,0
875.0,Elev,14,  arrived at dest, -1, this call is done!, Elevator call,863.8932913,0,-1,3,4, Done, dt, 11.106708700000013
879.0,Elev,12,  arrived at dest, -1, this call is done!, Elevator call,854.2002278,6,-1,3,2, Done, dt, 24.799772200000007
882.0,Elev,19,  arrived at src, 0, Elevator call,870.5053024,0,7,2,9
882.0, elevID,19,  pos,0,  cmd, goto,7
887.0,Elevator call,886.5649993,-1,-2,1,6, got allocated to elevator, 6
887.0, elevID,16,  pos,0,  cmd, goto,-1
893.0,Elevator call,892.5212151,9,-1,1,3, got allocated to elevator, 3
893.0, elevID,13,  pos,5,  cmd, goto,9
896.0,Elev,19,  arrived at dest, 7, this call is done!, Elevator call,870.5053024,0,7,3,9, Done, dt, 25.494697599999995
898.0,Elev,16,  arrived at src, -1, Elevator call,886.5649993,-1,-2,2,6
898.0, elevID,16,  pos,-1,  cmd, goto,-2
904.0,Elev,13,  arrived at src, 9, Elevator call,892.5212151,9,-1,2,3
904.0, elevID,13,  pos,9,  cmd, goto,-1
909.0,Elev,16,  arrived at dest, -2, this call is done!, Elevator call,886.5649993,-1,-2,3,6, Done, dt, 22.435000700000046
911.0,Elevator call,910.5388559,6,5,1,5, got allocated to elevator, 5
911.0, elevID,15,  pos,-2,  cmd, goto,6
916.0,Elevator call,915.9490575,4,-1,1,8, got allocated to elevator, 8
916.0,Elev,13,  arrived at dest, -1, this call is done!, Elevator call,892.5212151,9,-1,3,3, Done, dt, 23.47878490000005
916.0, elevID,18,  pos,0,  cmd, goto,4
922.0,Elev,18,  arrived at src, 4, Elevator call,915.9490575,4,-1,2,8
922.0, elevID,18,  pos,4,  cmd, goto,-1
924.0,Elev,15,  arrived at src, 6, Elevator call,910.5388559,6,5,2,5
924.0, elevID,15,  pos,6,  cmd, goto,5
929.0,Elev,18,  arrived at dest, -1, this call is done!, Elevator call,915.9490575,4,-1,3,8, Done, dt, 13.05094250000002
934.0,Elevator call,933.8580452,7,5,1,1, got allocated to elevator, 1
934.0, elevID,11,  pos,-1,  cmd, goto,7
935.0,Elev,15,  arrived at dest, 5, this call is done!, Elevator call,910.5388559,6,5,3,5, Done, dt, 24.461144099999956
943.0,Elev,11,  arrived at src, 7, Elevator call,933.8580452,7,5,2,1
943.0, elevID,11,  pos,7,  cmd, goto,5
951.0,Elev,11,  arrived at dest, 5, this call is done!, Elevator call,933.8580452,7,5,3,1, Done, dt, 17.141954800000008
962.0,Elevator call,961.6862856,6,-1,1,0, got allocated to elevator, 0
962.0, elevID,10,  pos,0,  cmd, goto,6
969.0,Elev,10,  arrived at src, 6, Elevator call,961.6862856,6,-1,2,0
969.0, elevID,10,  pos,6,  cmd, goto,-1
973.0,Elevator call,972.8032126,1,0,1,7, got allocated to elevator, 7
973.0,Elev,17,  arrived at src, 1, Elevator call,972.8032126,1,0,2,7
973.0, elevID,17,  pos,1,  cmd, goto,0
976.0,Elevator call,975.8361203,0,-1,1,2, got allocated to elevator, 2
976.0,Elev,10,  arrived at dest, -1, this call is done!, Elevator call,961.6862856,6,-1,3,0, Done, dt, 14.31371439999998
976.0, elevID,12,  pos,-1,  cmd, goto,0
979.0,Elevator call,978.5925149,10,0,1,4, got allocated to elevator, 4
979.0,Elevator call,978.6210501,10,-1,1,9, got allocated to elevator, 9
979.0, elevID,14,  pos,-1,  cmd, goto,10
979.0,Elev,17,  arrived at dest, 0, this call is done!, Elevator call,972.8032126,1,0,3,7, Done, dt, 6.196787399999948
979.0, elevID,19,  pos,7,  cmd, goto,10
985.0,Elevator call,984.1840186,7,0,1,6, got allocated to elevator, 6
985.0, elevID,16,  pos,-2,  cmd, goto,7
987.0,Elev,12,  arrived at src, 0, Elevator call,975.8361203,0,-1,2,2
987.0, elevID,12,  pos,0,  cmd, goto,-1
991.0,Elev,19,  arrived at src, 10, Elevator call,978.6210501,10,-1,2,9
991.0, elevID,19,  pos,10,  cmd, goto,-1
993.0,Elev,14,  arrived at src, 10, Elevator call,978.5925149,10,0,2,4
993.0, elevID,14,  pos,10,  cmd, goto,0
998.0,Elev,12,  arrived at dest, -1, this call is done!, Elevator call,975.8361203,0,-1,3,2, Done, dt, 22.163879700000052
1001.0,Elev,16,  arrived at src, 7, Elevator call,984.1840186,7,0,2,6
1001.0, elevID,16,  pos,7,  cmd, goto,0
1007.0,Elev,14,  arrived at dest, 0, this call is done!, Elevator call,978.5925149,10,0,3,4, Done, dt, 28.40748510000003
1007.0,Elev,19,  arrived at dest, -1, this call is done!, Elevator call,978.6210501,10,-1,3,9, Done, dt, 28.378949899999952
1016.0,Elev,16,  arrived at dest, 0, this call is done!, Elevator call,984.1840186,7,0,3,6, Done, dt, 31.815981400000055
1017.0,************* Simulation Ended ************
Code Owners,206585515,209322379,  Building_file,B5.json,  Calls,out.csv
Total waiting time: 1739.0,  average waiting time per call: 17.39,  unCompleted calls,0,  certificate, -67248892
